<?xml version="1.0" encoding="UTF-8"?>
<testsuite name="Simple Logger test"
           tests="1"
           failures="1"
           errors="0"
           skipped="0"
           time="572.874">
  <properties />
            <testcase name="get" time="572.874" classname="com.minxin.fangdai.FangDaiFlow">
                <failure type="org.sikuli.script.FindFailed"
                  message="can not find P(E:\jenkins\workspace\ui_test\demo\data\5.png) S: 0.7 on the screen."
              >
<![CDATA[FindFailed: can not find P(E:\jenkins\workspace\ui_test\demo\data\5.png) S: 0.7 on the screen.
  Line 1574, in file Region.java

  org.sikuli.script.Region.handleFindFailed(Region.java:1574)
  org.sikuli.script.Region.wait(Region.java:1682)
  org.sikuli.script.Region.find(Region.java:1590)
  com.minxin.util.WebElementUtil.fujian(WebElementUtil.java:307)
  com.minxin.fangdai.AddUser.exchangeFuJianInfo(AddUser.java:535)
  com.minxin.fangdai.FangDaiFlow.fangdaiflow(FangDaiFlow.java:37)
  com.minxin.fangdai.FangDaiFlow.getData(FangDaiFlow.java:119)
  com.minxin.fangdai.FangDaiFlow.get(FangDaiFlow.java:79)
  sun.reflect.NativeMethodAccessorImpl.invoke0(Native Method)
  sun.reflect.NativeMethodAccessorImpl.invoke(NativeMethodAccessorImpl.java:57)
  sun.reflect.DelegatingMethodAccessorImpl.invoke(DelegatingMethodAccessorImpl.java:43)
  java.lang.reflect.Method.invoke(Method.java:606)
  org.testng.internal.MethodInvocationHelper.invokeMethod(MethodInvocationHelper.java:84)
  org.testng.internal.Invoker.invokeMethod(Invoker.java:714)
  org.testng.internal.Invoker.invokeTestMethod(Invoker.java:901)
  org.testng.internal.Invoker.invokeTestMethods(Invoker.java:1231)
  org.testng.internal.TestMethodWorker.invokeTestMethods(TestMethodWorker.java:127)
  org.testng.internal.TestMethodWorker.run(TestMethodWorker.java:111)
  org.testng.TestRunner.privateRun(TestRunner.java:767)
  org.testng.TestRunner.run(TestRunner.java:617)
  org.testng.SuiteRunner.runTest(SuiteRunner.java:334)
  org.testng.SuiteRunner.runSequentially(SuiteRunner.java:329)
  org.testng.SuiteRunner.privateRun(SuiteRunner.java:291)
  org.testng.SuiteRunner.run(SuiteRunner.java:240)
  org.testng.SuiteRunnerWorker.runSuite(SuiteRunnerWorker.java:52)
  org.testng.SuiteRunnerWorker.run(SuiteRunnerWorker.java:86)
  org.testng.TestNG.runSuitesSequentially(TestNG.java:1224)
  org.testng.TestNG.runSuitesLocally(TestNG.java:1149)
  org.testng.TestNG.run(TestNG.java:1057)
  org.testng.remote.RemoteTestNG.run(RemoteTestNG.java:111)
  org.testng.remote.RemoteTestNG.initAndRun(RemoteTestNG.java:204)
  org.testng.remote.RemoteTestNG.main(RemoteTestNG.java:175)
  org.testng.RemoteTestNGStarter.main(RemoteTestNGStarter.java:125)
  sun.reflect.NativeMethodAccessorImpl.invoke0(Native Method)
  sun.reflect.NativeMethodAccessorImpl.invoke(NativeMethodAccessorImpl.java:57)
  sun.reflect.DelegatingMethodAccessorImpl.invoke(DelegatingMethodAccessorImpl.java:43)
  java.lang.reflect.Method.invoke(Method.java:606)
  com.intellij.rt.execution.application.AppMain.main(AppMain.java:140)
]]>
      </failure>

          </testcase>
  
  
  
</testsuite>
